📡 Fetching articles from Sanity...
Found 49 articles. Skipping first 1 (already posted).
Publishing 48 articles to Instagram + Facebook, one every 4 hours.
Estimated completion: ~8 days

[2/49] 📸 "9 Best Designer Loafer Worth the Investment (I've Worn Most of Them)"
[2/49] [IG] ✅ Published! ID: 18344293846244016
[2/49] [FB] ✅ Published! ID: 122099619500782694
⏳ Next post at 2:32:04 PM (4 hours)

[3/49] 📸 "Best Entry-Level Luxury Watches Worth the Investment in 2026"
[3/49] [IG] ✅ Published! ID: 18101883481917337
[3/49] [FB] ✅ Published! ID: 122099770304782694
⏳ Next post at 6:32:38 PM (4 hours)

[4/49] 📸 "Which White Sneaker Worth $800? I Compared 8 Pairs"
[4/49] [IG] ✅ Published! ID: 18117664876651322
[4/49] [FB] ✅ Published! ID: 122099922344782694
⏳ Next post at 10:33:23 PM (4 hours)

[5/49] 📸 "The Bro-Science Cold Plunge Protocol Doesn't Work for Women. Here's What Actually Does."
[5/49] [IG] ✅ Published! ID: 17938944384194120
[5/49] [FB] ✅ Published! ID: 122100306320782694
⏳ Next post at 10:02:03 AM (4 hours)

[6/49] 📸 "Is Jewelry a Good Investment? What the Resale Data Shows"
[6/49] [IG] ✅ Published! ID: 18091016285228032
[6/49] [FB] ✅ Published! ID: 122100487910782694
⏳ Next post at 3:28:45 PM (4 hours)

[7/49] 📸 "10 Best Investment Bags That Hold Their Value in 2026"
[7/49] [IG] ✅ Published! ID: 18331060312301542
[7/49] [FB] ✅ Published! ID: 122100650108782694
⏳ Next post at 7:29:13 PM (4 hours)

[8/49] 📸 "Business Class vs First Class: When Is the Upgrade Worth It?"
[8/49] [IG] ✅ Published! ID: 18321179437286178
[8/49] [FB] ✅ Published! ID: 122100792020782694
⏳ Next post at 11:29:42 PM (4 hours)

[9/49] 📸 "Is Art a Good Investment in 2026? What the Data Actually Shows"
[9/49] [IG] ✅ Published! ID: 18048505982554097
[9/49] [FB] ✅ Published! ID: 122100965222782694
⏳ Next post at 3:30:10 AM (4 hours)

[10/49] 📸 "NAD IV Therapy: $500 to $2,000 a Session and the Science Is Thinner Than You Think"
[10/49] [IG] ✅ Published! ID: 18105148060901169
[10/49] [FB] ✅ Published! ID: 122101104170782694
⏳ Next post at 7:30:37 AM (4 hours)

[11/49] 📸 "Four Seasons vs Ritz Carlton: Which Luxury Hotel Brand Deserves Your Loyalty in 2026?"
[11/49] [IG] ✅ Published! ID: 18201899779341135
[11/49] [FB] ✅ Published! ID: 122101214474782694
⏳ Next post at 11:31:06 AM (4 hours)

[12/49] 📸 "Luxury Cruise Lines Ranked: A $95,000 World Cruise Made Me Do the Research"
[12/49] [IG] ✅ Published! ID: 18436253998139965
[12/49] [FB] ✅ Published! ID: 122101367468782694
⏳ Next post at 3:31:38 PM (4 hours)

[13/49] 📸 "Silent Meditation Retreats Cost $0 to $4,000. Here's What Each Price Tier Gets You."
[13/49] [IG] ✅ Published! ID: 17917189251144951
[13/49] [FB] ✅ Published! ID: 122101530260782694
⏳ Next post at 7:32:05 PM (4 hours)

[14/49] 📸 "Is Hyperbaric Oxygen Therapy Worth $40,000? What the Telomere Research Actually Shows"
[14/49] [IG] ✅ Published! ID: 17984295197977370
[14/49] [FB] ✅ Published! ID: 122101683764782694
⏳ Next post at 11:32:32 PM (4 hours)

[15/49] 📸 "Which Quiet Luxury Clothing Brands Will Still Look Good in 10 Years?"
[15/49] [IG] ✅ Published! ID: 18334635052223989
[15/49] [FB] ✅ Published! ID: 122101857638782694
⏳ Next post at 3:32:58 AM (4 hours)

[16/49] 📸 "What Makes a Paris Hotel Feel Like Paris?"
[16/49] [IG] ✅ Published! ID: 18088428890243985
[16/49] [FB] ✅ Published! ID: 122101970192782694
⏳ Next post at 7:33:35 AM (4 hours)

[17/49] 📸 "I Switched to Black Designer Sneakers Last Year. Here's Why I'm Never Going Back."
[17/49] [IG] ✅ Published! ID: 17995106924767921
[17/49] [FB] ✅ Published! ID: 122102109062782694
⏳ Next post at 11:34:06 AM (4 hours)

[18/49] 📸 "Ayahuasca Retreat Cost: $695 to $12,000+ and Nobody Can Explain the Difference"
[18/49] [IG] ✅ Published! ID: 18097933945829916
[18/49] [FB] ✅ Published! ID: 122102257634782694
⏳ Next post at 3:34:33 PM (4 hours)

[19/49] 📸 "Is a Loro Piana Sweater Worth It? Two Years of Price-Per-Wear Data"
[19/49] [IG] ✅ Published! ID: 18078155840553068
[19/49] [FB] ✅ Published! ID: 122102433878782694
⏳ Next post at 7:35:04 PM (4 hours)

[20/49] 📸 "6 Months of Biohacking Supplement Research. Here's What's Worth Buying."
[20/49] [IG] ✅ Published! ID: 17942645436178468
[20/49] [FB] ✅ Published! ID: 122102592056782694
⏳ Next post at 11:35:33 PM (4 hours)

[21/49] 📸 "The Max Mara Coat Hype Looked Like Rich People Cosplay. The Resale Numbers Tell a Different Story."
[21/49] [IG] ✅ Published! ID: 18089104979461566
[21/49] [FB] ✅ Published! ID: 122102755106782694
⏳ Next post at 3:36:01 AM (4 hours)

[22/49] 📸 "The Strap Clips Are on the Inside. That's How I Knew Toteme Bags Were Different."
[22/49] [IG] ✅ Published! ID: 18176055712395185
[22/49] [FB] ✅ Published! ID: 122102859218782694
⏳ Next post at 7:36:36 AM (4 hours)

[23/49] 📸 "I Thought Fractional Art Investing Was for Finance Bros Who Couldn't Get Into a Gallery. Then I Looked at the Numbers."
[23/49] [IG] ✅ Published! ID: 18098336458832656
[23/49] [FB] ✅ Published! ID: 122102966852782694
⏳ Next post at 11:37:05 AM (4 hours)

[24/49] 📸 "I Had One Loro Piana Boot on My Right Foot and One Toteme on My Left. The Salesperson Was Not Amused."
[24/49] [IG] ✅ Published! ID: 17953456212007056
[24/49] [FB] ✅ Published! ID: 122103139424782694
⏳ Next post at 3:37:30 PM (4 hours)

