📡 Fetching articles from Sanity...
Found 50 articles. Publishing one every 4 hours.
Estimated completion: ~9 days

[1/50] 📌 Publishing "I Borrowed a $4,800 Bag for Two Weeks. Here's What I Actually Think." to board [object Object]...
[1/50] ✅ Published! Pin ID: 1085297210225798689
⏳ Next pin at 3:21:13 PM (4 hours)

[2/50] 📌 Publishing "9 Best Designer Loafer Worth the Investment (I've Worn Most of Them)" to board [object Object]...
[2/50] ✅ Published! Pin ID: 1085297210225807369
⏳ Next pin at 7:21:14 PM (4 hours)

[3/50] 📌 Publishing "Best Entry-Level Luxury Watches Worth the Investment in 2026" to board [object Object]...
[3/50] ✅ Published! Pin ID: 1085297210225819458
⏳ Next pin at 11:21:15 PM (4 hours)

[4/50] 📌 Publishing "Which White Sneaker Worth $800? I Compared 8 Pairs" to board [object Object]...
[4/50] ✅ Published! Pin ID: 1085297210225853827
⏳ Next pin at 12:33:27 PM (4 hours)

[5/50] 📌 Publishing "The Bro-Science Cold Plunge Protocol Doesn't Work for Women. Here's What Actually Does." to board [object Object]...
[5/50] ✅ Published! Pin ID: 1085297210225863839
⏳ Next pin at 4:33:28 PM (4 hours)

[6/50] 📌 Publishing "Is Jewelry a Good Investment? What the Resale Data Shows" to board [object Object]...
[6/50] ✅ Published! Pin ID: 1085297210225875028
⏳ Next pin at 8:33:29 PM (4 hours)

[7/50] 📌 Publishing "10 Best Investment Bags That Hold Their Value in 2026" to board [object Object]...
[7/50] ✅ Published! Pin ID: 1085297210225889949
⏳ Next pin at 12:33:30 AM (4 hours)

[8/50] 📌 Publishing "Business Class vs First Class: When Is the Upgrade Worth It?" to board [object Object]...
[8/50] ✅ Published! Pin ID: 1085297210225902517
⏳ Next pin at 4:33:31 AM (4 hours)

[9/50] 📌 Publishing "Is Art a Good Investment in 2026? What the Data Actually Shows" to board [object Object]...
[9/50] ✅ Published! Pin ID: 1085297210225912454
⏳ Next pin at 8:33:32 AM (4 hours)

[10/50] 📌 Publishing "NAD IV Therapy: $500 to $2,000 a Session and the Science Is Thinner Than You Think" to board [object Object]...
[10/50] ✅ Published! Pin ID: 1085297210225921667
⏳ Next pin at 12:33:33 PM (4 hours)

[11/50] 📌 Publishing "Four Seasons vs Ritz Carlton: Which Luxury Hotel Brand Deserves Your Loyalty in 2026?" to board [object Object]...
[11/50] ✅ Published! Pin ID: 1085297210225931354
⏳ Next pin at 4:33:35 PM (4 hours)

[12/50] 📌 Publishing "Luxury Cruise Lines Ranked: A $95,000 World Cruise Made Me Do the Research" to board [object Object]...
[12/50] ✅ Published! Pin ID: 1085297210225942423
⏳ Next pin at 8:33:35 PM (4 hours)

[13/50] 📌 Publishing "Silent Meditation Retreats Cost $0 to $4,000. Here's What Each Price Tier Gets You." to board [object Object]...
[13/50] ✅ Published! Pin ID: 1085297210225957143
⏳ Next pin at 12:33:36 AM (4 hours)

[14/50] 📌 Publishing "Is Hyperbaric Oxygen Therapy Worth $40,000? What the Telomere Research Actually Shows" to board [object Object]...
[14/50] ✅ Published! Pin ID: 1085297210225969745
⏳ Next pin at 4:33:38 AM (4 hours)

[15/50] 📌 Publishing "Which Quiet Luxury Clothing Brands Will Still Look Good in 10 Years?" to board [object Object]...
[15/50] ✅ Published! Pin ID: 1085297210225979772
⏳ Next pin at 8:33:38 AM (4 hours)

[16/50] 📌 Publishing "What Makes a Paris Hotel Feel Like Paris?" to board [object Object]...
[16/50] ✅ Published! Pin ID: 1085297210225987999
⏳ Next pin at 12:33:39 PM (4 hours)

[17/50] 📌 Publishing "I Switched to Black Designer Sneakers Last Year. Here's Why I'm Never Going Back." to board [object Object]...
[17/50] ✅ Published! Pin ID: 1085297210225994963
⏳ Next pin at 4:33:40 PM (4 hours)

[18/50] 📌 Publishing "Ayahuasca Retreat Cost: $695 to $12,000+ and Nobody Can Explain the Difference" to board [object Object]...
[18/50] ✅ Published! Pin ID: 1085297210226006752
⏳ Next pin at 8:33:41 PM (4 hours)

[19/50] 📌 Publishing "Is a Loro Piana Sweater Worth It? Two Years of Price-Per-Wear Data" to board [object Object]...
[19/50] ✅ Published! Pin ID: 1085297210226019398
⏳ Next pin at 12:33:42 AM (4 hours)

[20/50] 📌 Publishing "6 Months of Biohacking Supplement Research. Here's What's Worth Buying." to board [object Object]...
[20/50] ✅ Published! Pin ID: 1085297210226031797
⏳ Next pin at 4:33:44 AM (4 hours)

[21/50] 📌 Publishing "The Max Mara Coat Hype Looked Like Rich People Cosplay. The Resale Numbers Tell a Different Story." to board [object Object]...
[21/50] ✅ Published! Pin ID: 1085297210226042030
⏳ Next pin at 8:33:45 AM (4 hours)

[22/50] 📌 Publishing "The Strap Clips Are on the Inside. That's How I Knew Toteme Bags Were Different." to board [object Object]...
[22/50] ✅ Published! Pin ID: 1085297210226049923
⏳ Next pin at 12:33:46 PM (4 hours)

[23/50] 📌 Publishing "I Thought Fractional Art Investing Was for Finance Bros Who Couldn't Get Into a Gallery. Then I Looked at the Numbers." to board [object Object]...
[23/50] ❌ Error: Invalid request: "I Thought Fractional Art Investing Was for Finance Bros Who Couldn't Get Into a Gallery. Then I Looked at the Numbers." is too long (constraint: maxLength=100)
⏳ Next pin at 4:33:46 PM (4 hours)

